<?xml version="1.0" encoding="UTF-8"?>
<testng-results skipped="0" failed="0" ignored="0" total="1" passed="1">
  <reporter-output>
  </reporter-output>
  <suite name="Suite" duration-ms="283846" started-at="2020-04-17T19:54:23 IST" finished-at="2020-04-17T19:59:07 IST">
    <groups>
    </groups>
    <test name="Test" duration-ms="283846" started-at="2020-04-17T19:54:23 IST" finished-at="2020-04-17T19:59:07 IST">
      <class name="com.atmecs.testscript.TestScript">
        <test-method status="PASS" signature="invokeBrowser()[pri:0, instance:com.atmecs.testscript.TestScript@1c3a4799]" name="invokeBrowser" is-config="true" duration-ms="225175" started-at="2020-04-17T19:54:23 IST" finished-at="2020-04-17T19:58:08 IST">
          <reporter-output>
          </reporter-output>
        </test-method> <!-- invokeBrowser -->
        <test-method status="PASS" signature="action()[pri:0, instance:com.atmecs.testscript.TestScript@1c3a4799]" name="action" duration-ms="53270" started-at="2020-04-17T19:58:13 IST" finished-at="2020-04-17T19:59:06 IST">
          <reporter-output>
          </reporter-output>
        </test-method> <!-- action -->
      </class> <!-- com.atmecs.testscript.TestScript -->
    </test> <!-- Test -->
  </suite> <!-- Suite -->
</testng-results>
